runcpu v6247 started at 2023-06-14 21:03:42 on "fabricio-server"
runcpu is: /media/fabricio/679cbc52-a115-43bd-b089-5d44b8abcd6f/spec-cpu-2017/bin/harness/runcpu
runcpu: runcpu --config=gcc-try1 --size=all --iterations=2 531.deepsjeng_r
toolset: linux-x86_64
suite: CPU2017 1.1.0

Locating benchmarks...found 47 benchmarks in 53 benchsets.
Reading config file '/media/fabricio/679cbc52-a115-43bd-b089-5d44b8abcd6f/spec-cpu-2017/config/gcc-try1.cfg'

1 configuration selected:

 Action    Run Mode        Workload          Report Type      Benchmarks
--------   --------   ------------------   ----------------   -----------------
validate   rate       test,train,refrate   SPECrate2017_int   531.deepsjeng_r  
-------------------------------------------------------------------------------

Setting up environment for running 531.deepsjeng_r...
Starting runcpu for 531.deepsjeng_r...
Running "specperl /media/fabricio/679cbc52-a115-43bd-b089-5d44b8abcd6f/spec-cpu-2017/bin/sysinfo" to gather system information.
sysinfo: r6365 of 2019-08-21 (295195f888a3d7edb1e6e46a485a0011)
sysinfo: Getting system information for Linux...
sysinfo: ...getting CPU info
sysinfo: ...getting info from numactl
sysinfo: ...getting memory info
sysinfo: ...getting OS info
sysinfo: ...getting CPU vulnerability status from the kernel
sysinfo: ...getting disk info
sysinfo: ...trying to get info from /sys/devices/virtual/dmi/id
sysinfo: ...trying to get info from dmidecode
Read 130 info lines from the sysinfo program.
Retrieving flags file (/media/fabricio/679cbc52-a115-43bd-b089-5d44b8abcd6f/spec-cpu-2017/config/flags/gcc.xml)...
Verbosity = 5
Action    = validate
Tune      = base
Label     = mytest-m64
Size      = test,train,refrate
benchmarks= 531.deepsjeng_r
outputs   = txt,html,cfg,pdf,csv
username  = fabricio
Environment settings:
LD_LIBRARY_PATH = "%{gcc_dir}/lib64/:%{gcc_dir}/lib/:/lib64"

Benchmarks selected: 531.deepsjeng_r
Compiling Binaries
------------------------------------------------------------------------
COMP: "/usr/bin/g++     -std=c++03 -m64 -c -o options.o -DSPEC -DNDEBUG -DSMALL_MEMORY -DSPEC_AUTO_SUPPRESS_OPENMP  -g -O3 -march=native -fno-unsafe-math-optimizations  -fno-tree-loop-vectorize         -DSPEC_LP64  <source>"
C: CXXC="/usr/bin/g++     -std=c++03 -m64"
C: CXXOBJOPT="-c -o options"
P: CPUFLAGS="-DSPEC -DNDEBUG"
P: BENCH_FLAGS="-DSMALL_MEMORY -DSPEC_AUTO_SUPPRESS_OPENMP"
P: BENCH_CXXFLAGS=""
O: OPTIMIZE="-g -O3 -march=native -fno-unsafe-math-optimizations  -fno-tree-loop-vectorize"
O: CXXOPTIMIZE=""
P: PORTABILITY=""
P: CXXPORTABILITY=""
O: EXTRA_CXXFLAGS=""
O: EXTRA_OPTIMIZE=""
O: EXTRA_CXXOPTIMIZE=""
P: EXTRA_PORTABILITY="-DSPEC_LP64"
P: EXTRA_CXXPORTABILITY=""
LINK: "/usr/bin/g++     -std=c++03 -m64      -g -O3 -march=native -fno-unsafe-math-optimizations  -fno-tree-loop-vectorize          <objects>            -o options  "
C: LD="/usr/bin/g++     -std=c++03 -m64"
O: OPTIMIZE="-g -O3 -march=native -fno-unsafe-math-optimizations  -fno-tree-loop-vectorize"
C: LDOUT="-o options"
 CXXC_VERSION_OPTION:
Using built-in specs.
COLLECT_GCC=/usr/bin/g++
COLLECT_LTO_WRAPPER=/usr/lib/gcc/x86_64-linux-gnu/7/lto-wrapper
OFFLOAD_TARGET_NAMES=nvptx-none
OFFLOAD_TARGET_DEFAULT=1
Target: x86_64-linux-gnu
Configured with: ../src/configure -v --with-pkgversion='Ubuntu 7.5.0-3ubuntu1~18.04' --with-bugurl=file:///usr/share/doc/gcc-7/README.Bugs --enable-languages=c,ada,c++,go,brig,d,fortran,objc,obj-c++ --prefix=/usr --with-gcc-major-version-only --program-suffix=-7 --program-prefix=x86_64-linux-gnu- --enable-shared --enable-linker-build-id --libexecdir=/usr/lib --without-included-gettext --enable-threads=posix --libdir=/usr/lib --enable-nls --enable-bootstrap --enable-clocale=gnu --enable-libstdcxx-debug --enable-libstdcxx-time=yes --with-default-libstdcxx-abi=new --enable-gnu-unique-object --disable-vtable-verify --enable-libmpx --enable-plugin --enable-default-pie --with-system-zlib --with-target-system-zlib --enable-objc-gc=auto --enable-multiarch --disable-werror --with-arch-32=i686 --with-abi=m64 --with-multilib-list=m32,m64,mx32 --enable-multilib --with-tune=generic --enable-offload-targets=nvptx-none --without-cuda-driver --enable-checking=release --build=x86_64-linux-gnu --host=x86_64-linux-gnu --tar
get=x86_64-linux-gnu
Thread model: posix
gcc version 7.5.0 (Ubuntu 7.5.0-3ubuntu1~18.04) 
  Up to date 531.deepsjeng_r base mytest-m64


Setting Up Run Directories
  Setting up 531.deepsjeng_r test base mytest-m64 (1 copy): run_base_test_mytest-m64.0000
-----------------------------------
Running Benchmarks
-----------------------------------
  Running (#1) 531.deepsjeng_r test base mytest-m64 (1 copy) [2023-06-14 21:03:43]
OpenMP environment variables removed: None
OpenMP environment variables in effect:
	OMP_NUM_THREADS	=> '1'
	OMP_THREAD_LIMIT	=> '1'
Pre-run environment changes:
	'OMP_NUM_THREADS' added: (value now '1')
	'OMP_THREAD_LIMIT' added: (value now '1')
Commands to run (specinvoke command file):
    -r
    -N C
    -C /media/fabricio/679cbc52-a115-43bd-b089-5d44b8abcd6f/spec-cpu-2017/benchspec/CPU/531.deepsjeng_r/run/run_base_test_mytest-m64.0000
    -o test.out -e test.err ../run_base_test_mytest-m64.0000/deepsjeng_r_base.mytest-m64 test.txt > test.out 2>> test.err (timed)
Specinvoke: /media/fabricio/679cbc52-a115-43bd-b089-5d44b8abcd6f/spec-cpu-2017/bin/specinvoke -d /media/fabricio/679cbc52-a115-43bd-b089-5d44b8abcd6f/spec-cpu-2017/benchspec/CPU/531.deepsjeng_r/run/run_base_test_mytest-m64.0000 -f speccmds.cmd -q -e speccmds.err -o speccmds.stdout
Issuing command '/media/fabricio/679cbc52-a115-43bd-b089-5d44b8abcd6f/spec-cpu-2017/bin/specinvoke -d /media/fabricio/679cbc52-a115-43bd-b089-5d44b8abcd6f/spec-cpu-2017/benchspec/CPU/531.deepsjeng_r/run/run_base_test_mytest-m64.0000 -f speccmds.cmd -q -e speccmds.err -o speccmds.stdout'
Start command: 2023-06-14 21:03:43 (1686787423.9376)
Stop command: 2023-06-14 21:03:48 (1686787428.91853)
Elapsed time for command: 00:00:04 (4.9809250831604)
Workload elapsed time (copy 0 workload 1) = 4.825141 seconds
Copy 0 of 531.deepsjeng_r (base test) run 1 finished at 2023-06-14 21:03:48.  Total elapsed time: 4.825141
OpenMP environment variables removed: None
OpenMP environment variables in effect:
	OMP_NUM_THREADS	=> '1'
	OMP_THREAD_LIMIT	=> '1'
Pre-run environment changes:
	'OMP_NUM_THREADS' added: (value now '1')
	'OMP_THREAD_LIMIT' added: (value now '1')
comparing 'test.out' with obiwan=1
Specinvoke: /media/fabricio/679cbc52-a115-43bd-b089-5d44b8abcd6f/spec-cpu-2017/bin/specinvoke -d /media/fabricio/679cbc52-a115-43bd-b089-5d44b8abcd6f/spec-cpu-2017/benchspec/CPU/531.deepsjeng_r/run/run_base_test_mytest-m64.0000 -f compare.cmd -E -e compare.err -o compare.stdout
Issuing command '/media/fabricio/679cbc52-a115-43bd-b089-5d44b8abcd6f/spec-cpu-2017/bin/specinvoke -d /media/fabricio/679cbc52-a115-43bd-b089-5d44b8abcd6f/spec-cpu-2017/benchspec/CPU/531.deepsjeng_r/run/run_base_test_mytest-m64.0000 -f compare.cmd -E -e compare.err -o compare.stdout'
Start command: 2023-06-14 21:03:48 (1686787428.94534)
Stop command: 2023-06-14 21:03:49 (1686787429.18137)
Elapsed time for command: 00:00:00 (0.236033916473389)
Benchmark Times:
  Run Start:    2023-06-14 21:03:43 (1686787423)
  Rate Start:   2023-06-14 21:03:43 (1686787423.93938)
  Rate End:     2023-06-14 21:03:48 (1686787428.76452)
  Run Stop:     2023-06-14 21:03:48 (1686787428)
  Run Elapsed:  00:00:05 (5)
  Run Reported: 00:00:04 (4 825140953 4.825141)
 Success 531.deepsjeng_r base test ratio=-0.00, runtime=4.825141, copies=1, threads=1, power=0.00W, temp=0.00 degC, humidity=0.00%
-----------------------------------
  Running (#2) 531.deepsjeng_r test base mytest-m64 (1 copy) [2023-06-14 21:03:49]
OpenMP environment variables removed: None
OpenMP environment variables in effect:
	OMP_NUM_THREADS	=> '1'
	OMP_THREAD_LIMIT	=> '1'
Pre-run environment changes:
	'OMP_NUM_THREADS' added: (value now '1')
	'OMP_THREAD_LIMIT' added: (value now '1')
Commands to run (specinvoke command file):
    -r
    -N C
    -C /media/fabricio/679cbc52-a115-43bd-b089-5d44b8abcd6f/spec-cpu-2017/benchspec/CPU/531.deepsjeng_r/run/run_base_test_mytest-m64.0000
    -o test.out -e test.err ../run_base_test_mytest-m64.0000/deepsjeng_r_base.mytest-m64 test.txt > test.out 2>> test.err (timed)
Specinvoke: /media/fabricio/679cbc52-a115-43bd-b089-5d44b8abcd6f/spec-cpu-2017/bin/specinvoke -d /media/fabricio/679cbc52-a115-43bd-b089-5d44b8abcd6f/spec-cpu-2017/benchspec/CPU/531.deepsjeng_r/run/run_base_test_mytest-m64.0000 -f speccmds.cmd -q -e speccmds.err -o speccmds.stdout
Issuing command '/media/fabricio/679cbc52-a115-43bd-b089-5d44b8abcd6f/spec-cpu-2017/bin/specinvoke -d /media/fabricio/679cbc52-a115-43bd-b089-5d44b8abcd6f/spec-cpu-2017/benchspec/CPU/531.deepsjeng_r/run/run_base_test_mytest-m64.0000 -f speccmds.cmd -q -e speccmds.err -o speccmds.stdout'
Start command: 2023-06-14 21:03:49 (1686787429.26162)
Stop command: 2023-06-14 21:03:54 (1686787434.24468)
Elapsed time for command: 00:00:04 (4.98306083679199)
Workload elapsed time (copy 0 workload 1) = 4.825675 seconds
Copy 0 of 531.deepsjeng_r (base test) run 2 finished at 2023-06-14 21:03:54.  Total elapsed time: 4.825675
OpenMP environment variables removed: None
OpenMP environment variables in effect:
	OMP_NUM_THREADS	=> '1'
	OMP_THREAD_LIMIT	=> '1'
Pre-run environment changes:
	'OMP_NUM_THREADS' added: (value now '1')
	'OMP_THREAD_LIMIT' added: (value now '1')
comparing 'test.out' with obiwan=1
Specinvoke: /media/fabricio/679cbc52-a115-43bd-b089-5d44b8abcd6f/spec-cpu-2017/bin/specinvoke -d /media/fabricio/679cbc52-a115-43bd-b089-5d44b8abcd6f/spec-cpu-2017/benchspec/CPU/531.deepsjeng_r/run/run_base_test_mytest-m64.0000 -f compare.cmd -E -e compare.err -o compare.stdout
Issuing command '/media/fabricio/679cbc52-a115-43bd-b089-5d44b8abcd6f/spec-cpu-2017/bin/specinvoke -d /media/fabricio/679cbc52-a115-43bd-b089-5d44b8abcd6f/spec-cpu-2017/benchspec/CPU/531.deepsjeng_r/run/run_base_test_mytest-m64.0000 -f compare.cmd -E -e compare.err -o compare.stdout'
Start command: 2023-06-14 21:03:54 (1686787434.27131)
Stop command: 2023-06-14 21:03:54 (1686787434.50961)
Elapsed time for command: 00:00:00 (0.23829984664917)
Benchmark Times:
  Run Start:    2023-06-14 21:03:49 (1686787429)
  Rate Start:   2023-06-14 21:03:49 (1686787429.2648)
  Rate End:     2023-06-14 21:03:54 (1686787434.09048)
  Run Stop:     2023-06-14 21:03:54 (1686787434)
  Run Elapsed:  00:00:05 (5)
  Run Reported: 00:00:04 (4 825675010 4.825675)
 Success 531.deepsjeng_r base test ratio=-0.00, runtime=4.825675, copies=1, threads=1, power=0.00W, temp=0.00 degC, humidity=0.00%
Success: 2x531.deepsjeng_r
Producing Raw Reports
 label: mytest-m64
  workload: test
   benchset: intspeed
   benchset: intrate
   metric: SPECrate2017_int_base
    format: raw -> /media/fabricio/679cbc52-a115-43bd-b089-5d44b8abcd6f/spec-cpu-2017/result/CPU2017.027.intrate.test.rsf
Parsing flags for 531.deepsjeng_r base: done
Doing flag reduction: done
    format: flags -> /media/fabricio/679cbc52-a115-43bd-b089-5d44b8abcd6f/spec-cpu-2017/result/CPU2017.027.intrate.test.flags.html
    format: cfg -> /media/fabricio/679cbc52-a115-43bd-b089-5d44b8abcd6f/spec-cpu-2017/result/CPU2017.027.intrate.test.cfg
    format: CSV -> /media/fabricio/679cbc52-a115-43bd-b089-5d44b8abcd6f/spec-cpu-2017/result/CPU2017.027.intrate.test.csv
    format: PDF -> /media/fabricio/679cbc52-a115-43bd-b089-5d44b8abcd6f/spec-cpu-2017/result/CPU2017.027.intrate.test.pdf
    format: HTML -> /media/fabricio/679cbc52-a115-43bd-b089-5d44b8abcd6f/spec-cpu-2017/result/CPU2017.027.intrate.test.html
    format: Text -> /media/fabricio/679cbc52-a115-43bd-b089-5d44b8abcd6f/spec-cpu-2017/result/CPU2017.027.intrate.test.txt
   benchset: fpspeed
   benchset: fprate
Verbosity = 5
Action    = validate
Tune      = base
Label     = mytest-m64
Size      = test,train,refrate
benchmarks= 531.deepsjeng_r
outputs   = txt,html,cfg,pdf,csv
username  = fabricio
Environment settings:
LD_LIBRARY_PATH = "%{gcc_dir}/lib64/:%{gcc_dir}/lib/:/lib64"

Benchmarks selected: 531.deepsjeng_r
Compiling Binaries
------------------------------------------------------------------------
COMP: "/usr/bin/g++     -std=c++03 -m64 -c -o options.o -DSPEC -DNDEBUG -DSMALL_MEMORY -DSPEC_AUTO_SUPPRESS_OPENMP  -g -O3 -march=native -fno-unsafe-math-optimizations  -fno-tree-loop-vectorize         -DSPEC_LP64  <source>"
C: CXXC="/usr/bin/g++     -std=c++03 -m64"
C: CXXOBJOPT="-c -o options"
P: CPUFLAGS="-DSPEC -DNDEBUG"
P: BENCH_FLAGS="-DSMALL_MEMORY -DSPEC_AUTO_SUPPRESS_OPENMP"
P: BENCH_CXXFLAGS=""
O: OPTIMIZE="-g -O3 -march=native -fno-unsafe-math-optimizations  -fno-tree-loop-vectorize"
O: CXXOPTIMIZE=""
P: PORTABILITY=""
P: CXXPORTABILITY=""
O: EXTRA_CXXFLAGS=""
O: EXTRA_OPTIMIZE=""
O: EXTRA_CXXOPTIMIZE=""
P: EXTRA_PORTABILITY="-DSPEC_LP64"
P: EXTRA_CXXPORTABILITY=""
LINK: "/usr/bin/g++     -std=c++03 -m64      -g -O3 -march=native -fno-unsafe-math-optimizations  -fno-tree-loop-vectorize          <objects>            -o options  "
C: LD="/usr/bin/g++     -std=c++03 -m64"
O: OPTIMIZE="-g -O3 -march=native -fno-unsafe-math-optimizations  -fno-tree-loop-vectorize"
C: LDOUT="-o options"
 CXXC_VERSION_OPTION:
Using built-in specs.
COLLECT_GCC=/usr/bin/g++
COLLECT_LTO_WRAPPER=/usr/lib/gcc/x86_64-linux-gnu/7/lto-wrapper
OFFLOAD_TARGET_NAMES=nvptx-none
OFFLOAD_TARGET_DEFAULT=1
Target: x86_64-linux-gnu
Configured with: ../src/configure -v --with-pkgversion='Ubuntu 7.5.0-3ubuntu1~18.04' --with-bugurl=file:///usr/share/doc/gcc-7/README.Bugs --enable-languages=c,ada,c++,go,brig,d,fortran,objc,obj-c++ --prefix=/usr --with-gcc-major-version-only --program-suffix=-7 --program-prefix=x86_64-linux-gnu- --enable-shared --enable-linker-build-id --libexecdir=/usr/lib --without-included-gettext --enable-threads=posix --libdir=/usr/lib --enable-nls --enable-bootstrap --enable-clocale=gnu --enable-libstdcxx-debug --enable-libstdcxx-time=yes --with-default-libstdcxx-abi=new --enable-gnu-unique-object --disable-vtable-verify --enable-libmpx --enable-plugin --enable-default-pie --with-system-zlib --with-target-system-zlib --enable-objc-gc=auto --enable-multiarch --disable-werror --with-arch-32=i686 --with-abi=m64 --with-multilib-list=m32,m64,mx32 --enable-multilib --with-tune=generic --enable-offload-targets=nvptx-none --without-cuda-driver --enable-checking=release --build=x86_64-linux-gnu --host=x86_64-linux-gnu --tar
get=x86_64-linux-gnu
Thread model: posix
gcc version 7.5.0 (Ubuntu 7.5.0-3ubuntu1~18.04) 
  Up to date 531.deepsjeng_r base mytest-m64


Setting Up Run Directories
  Setting up 531.deepsjeng_r train base mytest-m64 (1 copy): run_base_train_mytest-m64.0000
-----------------------------------
Running Benchmarks
-----------------------------------
  Running (#1) 531.deepsjeng_r train base mytest-m64 (1 copy) [2023-06-14 21:03:57]
OpenMP environment variables removed: None
OpenMP environment variables in effect:
	OMP_NUM_THREADS	=> '1'
	OMP_THREAD_LIMIT	=> '1'
Pre-run environment changes:
	'OMP_NUM_THREADS' added: (value now '1')
	'OMP_THREAD_LIMIT' added: (value now '1')
Commands to run (specinvoke command file):
    -r
    -N C
    -C /media/fabricio/679cbc52-a115-43bd-b089-5d44b8abcd6f/spec-cpu-2017/benchspec/CPU/531.deepsjeng_r/run/run_base_train_mytest-m64.0000
    -o train.out -e train.err ../run_base_train_mytest-m64.0000/deepsjeng_r_base.mytest-m64 train.txt > train.out 2>> train.err (timed)
Specinvoke: /media/fabricio/679cbc52-a115-43bd-b089-5d44b8abcd6f/spec-cpu-2017/bin/specinvoke -d /media/fabricio/679cbc52-a115-43bd-b089-5d44b8abcd6f/spec-cpu-2017/benchspec/CPU/531.deepsjeng_r/run/run_base_train_mytest-m64.0000 -f speccmds.cmd -q -e speccmds.err -o speccmds.stdout
Issuing command '/media/fabricio/679cbc52-a115-43bd-b089-5d44b8abcd6f/spec-cpu-2017/bin/specinvoke -d /media/fabricio/679cbc52-a115-43bd-b089-5d44b8abcd6f/spec-cpu-2017/benchspec/CPU/531.deepsjeng_r/run/run_base_train_mytest-m64.0000 -f speccmds.cmd -q -e speccmds.err -o speccmds.stdout'
Start command: 2023-06-14 21:03:57 (1686787437.16)
Stop command: 2023-06-14 21:04:38 (1686787478.95167)
Elapsed time for command: 00:00:41 (41.7916769981384)
Workload elapsed time (copy 0 workload 1) = 41.635446 seconds
Copy 0 of 531.deepsjeng_r (base train) run 1 finished at 2023-06-14 21:04:38.  Total elapsed time: 41.635446
OpenMP environment variables removed: None
OpenMP environment variables in effect:
	OMP_NUM_THREADS	=> '1'
	OMP_THREAD_LIMIT	=> '1'
Pre-run environment changes:
	'OMP_NUM_THREADS' added: (value now '1')
	'OMP_THREAD_LIMIT' added: (value now '1')
comparing 'train.out' with obiwan=1
Specinvoke: /media/fabricio/679cbc52-a115-43bd-b089-5d44b8abcd6f/spec-cpu-2017/bin/specinvoke -d /media/fabricio/679cbc52-a115-43bd-b089-5d44b8abcd6f/spec-cpu-2017/benchspec/CPU/531.deepsjeng_r/run/run_base_train_mytest-m64.0000 -f compare.cmd -E -e compare.err -o compare.stdout
Issuing command '/media/fabricio/679cbc52-a115-43bd-b089-5d44b8abcd6f/spec-cpu-2017/bin/specinvoke -d /media/fabricio/679cbc52-a115-43bd-b089-5d44b8abcd6f/spec-cpu-2017/benchspec/CPU/531.deepsjeng_r/run/run_base_train_mytest-m64.0000 -f compare.cmd -E -e compare.err -o compare.stdout'
Start command: 2023-06-14 21:04:38 (1686787478.97921)
Stop command: 2023-06-14 21:04:39 (1686787479.23411)
Elapsed time for command: 00:00:00 (0.254899978637695)
Benchmark Times:
  Run Start:    2023-06-14 21:03:57 (1686787437)
  Rate Start:   2023-06-14 21:03:57 (1686787437.16194)
  Rate End:     2023-06-14 21:04:38 (1686787478.79739)
  Run Stop:     2023-06-14 21:04:38 (1686787478)
  Run Elapsed:  00:00:41 (41)
  Run Reported: 00:00:41 (41 635445833 41.635446)
 Success 531.deepsjeng_r base train ratio=-0.00, runtime=41.635446, copies=1, threads=1, power=0.00W, temp=0.00 degC, humidity=0.00%
-----------------------------------
  Running (#2) 531.deepsjeng_r train base mytest-m64 (1 copy) [2023-06-14 21:04:39]
OpenMP environment variables removed: None
OpenMP environment variables in effect:
	OMP_NUM_THREADS	=> '1'
	OMP_THREAD_LIMIT	=> '1'
Pre-run environment changes:
	'OMP_NUM_THREADS' added: (value now '1')
	'OMP_THREAD_LIMIT' added: (value now '1')
Commands to run (specinvoke command file):
    -r
    -N C
    -C /media/fabricio/679cbc52-a115-43bd-b089-5d44b8abcd6f/spec-cpu-2017/benchspec/CPU/531.deepsjeng_r/run/run_base_train_mytest-m64.0000
    -o train.out -e train.err ../run_base_train_mytest-m64.0000/deepsjeng_r_base.mytest-m64 train.txt > train.out 2>> train.err (timed)
Specinvoke: /media/fabricio/679cbc52-a115-43bd-b089-5d44b8abcd6f/spec-cpu-2017/bin/specinvoke -d /media/fabricio/679cbc52-a115-43bd-b089-5d44b8abcd6f/spec-cpu-2017/benchspec/CPU/531.deepsjeng_r/run/run_base_train_mytest-m64.0000 -f speccmds.cmd -q -e speccmds.err -o speccmds.stdout
Issuing command '/media/fabricio/679cbc52-a115-43bd-b089-5d44b8abcd6f/spec-cpu-2017/bin/specinvoke -d /media/fabricio/679cbc52-a115-43bd-b089-5d44b8abcd6f/spec-cpu-2017/benchspec/CPU/531.deepsjeng_r/run/run_base_train_mytest-m64.0000 -f speccmds.cmd -q -e speccmds.err -o speccmds.stdout'
Start command: 2023-06-14 21:04:39 (1686787479.30495)
Stop command: 2023-06-14 21:05:21 (1686787521.06173)
Elapsed time for command: 00:00:41 (41.7567801475525)
Workload elapsed time (copy 0 workload 1) = 41.59981 seconds
Copy 0 of 531.deepsjeng_r (base train) run 2 finished at 2023-06-14 21:05:20.  Total elapsed time: 41.59981
OpenMP environment variables removed: None
OpenMP environment variables in effect:
	OMP_NUM_THREADS	=> '1'
	OMP_THREAD_LIMIT	=> '1'
Pre-run environment changes:
	'OMP_NUM_THREADS' added: (value now '1')
	'OMP_THREAD_LIMIT' added: (value now '1')
comparing 'train.out' with obiwan=1
Specinvoke: /media/fabricio/679cbc52-a115-43bd-b089-5d44b8abcd6f/spec-cpu-2017/bin/specinvoke -d /media/fabricio/679cbc52-a115-43bd-b089-5d44b8abcd6f/spec-cpu-2017/benchspec/CPU/531.deepsjeng_r/run/run_base_train_mytest-m64.0000 -f compare.cmd -E -e compare.err -o compare.stdout
Issuing command '/media/fabricio/679cbc52-a115-43bd-b089-5d44b8abcd6f/spec-cpu-2017/bin/specinvoke -d /media/fabricio/679cbc52-a115-43bd-b089-5d44b8abcd6f/spec-cpu-2017/benchspec/CPU/531.deepsjeng_r/run/run_base_train_mytest-m64.0000 -f compare.cmd -E -e compare.err -o compare.stdout'
Start command: 2023-06-14 21:05:21 (1686787521.08946)
Stop command: 2023-06-14 21:05:21 (1686787521.33209)
Elapsed time for command: 00:00:00 (0.242632865905762)
Benchmark Times:
  Run Start:    2023-06-14 21:04:39 (1686787479)
  Rate Start:   2023-06-14 21:04:39 (1686787479.30791)
  Rate End:     2023-06-14 21:05:20 (1686787520.90772)
  Run Stop:     2023-06-14 21:05:21 (1686787521)
  Run Elapsed:  00:00:42 (42)
  Run Reported: 00:00:41 (41 599809885 41.59981)
 Success 531.deepsjeng_r base train ratio=-0.00, runtime=41.599810, copies=1, threads=1, power=0.00W, temp=0.00 degC, humidity=0.00%
Success: 2x531.deepsjeng_r
Producing Raw Reports
 label: mytest-m64
  workload: train
   benchset: intspeed
   benchset: intrate
   metric: SPECrate2017_int_base
    format: raw -> /media/fabricio/679cbc52-a115-43bd-b089-5d44b8abcd6f/spec-cpu-2017/result/CPU2017.027.intrate.train.rsf
Parsing flags for 531.deepsjeng_r base: done
Doing flag reduction: done
    format: flags -> /media/fabricio/679cbc52-a115-43bd-b089-5d44b8abcd6f/spec-cpu-2017/result/CPU2017.027.intrate.train.flags.html
    format: cfg -> /media/fabricio/679cbc52-a115-43bd-b089-5d44b8abcd6f/spec-cpu-2017/result/CPU2017.027.intrate.train.cfg
    format: CSV -> /media/fabricio/679cbc52-a115-43bd-b089-5d44b8abcd6f/spec-cpu-2017/result/CPU2017.027.intrate.train.csv
    format: PDF -> /media/fabricio/679cbc52-a115-43bd-b089-5d44b8abcd6f/spec-cpu-2017/result/CPU2017.027.intrate.train.pdf
    format: HTML -> /media/fabricio/679cbc52-a115-43bd-b089-5d44b8abcd6f/spec-cpu-2017/result/CPU2017.027.intrate.train.html
    format: Text -> /media/fabricio/679cbc52-a115-43bd-b089-5d44b8abcd6f/spec-cpu-2017/result/CPU2017.027.intrate.train.txt
   benchset: fpspeed
   benchset: fprate
Verbosity = 5
Action    = validate
Tune      = base
Label     = mytest-m64
Size      = test,train,refrate
benchmarks= 531.deepsjeng_r
outputs   = txt,html,cfg,pdf,csv
username  = fabricio
Environment settings:
LD_LIBRARY_PATH = "%{gcc_dir}/lib64/:%{gcc_dir}/lib/:/lib64"

Benchmarks selected: 531.deepsjeng_r
Compiling Binaries
------------------------------------------------------------------------
COMP: "/usr/bin/g++     -std=c++03 -m64 -c -o options.o -DSPEC -DNDEBUG -DSMALL_MEMORY -DSPEC_AUTO_SUPPRESS_OPENMP  -g -O3 -march=native -fno-unsafe-math-optimizations  -fno-tree-loop-vectorize         -DSPEC_LP64  <source>"
C: CXXC="/usr/bin/g++     -std=c++03 -m64"
C: CXXOBJOPT="-c -o options"
P: CPUFLAGS="-DSPEC -DNDEBUG"
P: BENCH_FLAGS="-DSMALL_MEMORY -DSPEC_AUTO_SUPPRESS_OPENMP"
P: BENCH_CXXFLAGS=""
O: OPTIMIZE="-g -O3 -march=native -fno-unsafe-math-optimizations  -fno-tree-loop-vectorize"
O: CXXOPTIMIZE=""
P: PORTABILITY=""
P: CXXPORTABILITY=""
O: EXTRA_CXXFLAGS=""
O: EXTRA_OPTIMIZE=""
O: EXTRA_CXXOPTIMIZE=""
P: EXTRA_PORTABILITY="-DSPEC_LP64"
P: EXTRA_CXXPORTABILITY=""
LINK: "/usr/bin/g++     -std=c++03 -m64      -g -O3 -march=native -fno-unsafe-math-optimizations  -fno-tree-loop-vectorize          <objects>            -o options  "
C: LD="/usr/bin/g++     -std=c++03 -m64"
O: OPTIMIZE="-g -O3 -march=native -fno-unsafe-math-optimizations  -fno-tree-loop-vectorize"
C: LDOUT="-o options"
 CXXC_VERSION_OPTION:
Using built-in specs.
COLLECT_GCC=/usr/bin/g++
COLLECT_LTO_WRAPPER=/usr/lib/gcc/x86_64-linux-gnu/7/lto-wrapper
OFFLOAD_TARGET_NAMES=nvptx-none
OFFLOAD_TARGET_DEFAULT=1
Target: x86_64-linux-gnu
Configured with: ../src/configure -v --with-pkgversion='Ubuntu 7.5.0-3ubuntu1~18.04' --with-bugurl=file:///usr/share/doc/gcc-7/README.Bugs --enable-languages=c,ada,c++,go,brig,d,fortran,objc,obj-c++ --prefix=/usr --with-gcc-major-version-only --program-suffix=-7 --program-prefix=x86_64-linux-gnu- --enable-shared --enable-linker-build-id --libexecdir=/usr/lib --without-included-gettext --enable-threads=posix --libdir=/usr/lib --enable-nls --enable-bootstrap --enable-clocale=gnu --enable-libstdcxx-debug --enable-libstdcxx-time=yes --with-default-libstdcxx-abi=new --enable-gnu-unique-object --disable-vtable-verify --enable-libmpx --enable-plugin --enable-default-pie --with-system-zlib --with-target-system-zlib --enable-objc-gc=auto --enable-multiarch --disable-werror --with-arch-32=i686 --with-abi=m64 --with-multilib-list=m32,m64,mx32 --enable-multilib --with-tune=generic --enable-offload-targets=nvptx-none --without-cuda-driver --enable-checking=release --build=x86_64-linux-gnu --host=x86_64-linux-gnu --tar
get=x86_64-linux-gnu
Thread model: posix
gcc version 7.5.0 (Ubuntu 7.5.0-3ubuntu1~18.04) 
  Up to date 531.deepsjeng_r base mytest-m64


Setting Up Run Directories
  Setting up 531.deepsjeng_r refrate (ref) base mytest-m64 (1 copy): run_base_refrate_mytest-m64.0000
-----------------------------------
Running Benchmarks
-----------------------------------
  Running (#1) 531.deepsjeng_r refrate (ref) base mytest-m64 (1 copy) [2023-06-14 21:05:23]
OpenMP environment variables removed: None
OpenMP environment variables in effect:
	OMP_NUM_THREADS	=> '1'
	OMP_THREAD_LIMIT	=> '1'
Pre-run environment changes:
	'OMP_NUM_THREADS' added: (value now '1')
	'OMP_THREAD_LIMIT' added: (value now '1')
Commands to run (specinvoke command file):
    -r
    -N C
    -C /media/fabricio/679cbc52-a115-43bd-b089-5d44b8abcd6f/spec-cpu-2017/benchspec/CPU/531.deepsjeng_r/run/run_base_refrate_mytest-m64.0000
    -o ref.out -e ref.err ../run_base_refrate_mytest-m64.0000/deepsjeng_r_base.mytest-m64 ref.txt > ref.out 2>> ref.err (timed)
Specinvoke: /media/fabricio/679cbc52-a115-43bd-b089-5d44b8abcd6f/spec-cpu-2017/bin/specinvoke -d /media/fabricio/679cbc52-a115-43bd-b089-5d44b8abcd6f/spec-cpu-2017/benchspec/CPU/531.deepsjeng_r/run/run_base_refrate_mytest-m64.0000 -f speccmds.cmd -q -e speccmds.err -o speccmds.stdout
Issuing command '/media/fabricio/679cbc52-a115-43bd-b089-5d44b8abcd6f/spec-cpu-2017/bin/specinvoke -d /media/fabricio/679cbc52-a115-43bd-b089-5d44b8abcd6f/spec-cpu-2017/benchspec/CPU/531.deepsjeng_r/run/run_base_refrate_mytest-m64.0000 -f speccmds.cmd -q -e speccmds.err -o speccmds.stdout'
Start command: 2023-06-14 21:05:23 (1686787523.99207)
Stop command: 2023-06-14 21:09:19 (1686787759.92928)
Elapsed time for command: 00:03:55 (235.937206029892)
Workload elapsed time (copy 0 workload 1) = 235.780617 seconds
Copy 0 of 531.deepsjeng_r (base refrate) run 1 finished at 2023-06-14 21:09:19.  Total elapsed time: 235.780617
OpenMP environment variables removed: None
OpenMP environment variables in effect:
	OMP_NUM_THREADS	=> '1'
	OMP_THREAD_LIMIT	=> '1'
Pre-run environment changes:
	'OMP_NUM_THREADS' added: (value now '1')
	'OMP_THREAD_LIMIT' added: (value now '1')
comparing 'ref.out' with obiwan=1
Specinvoke: /media/fabricio/679cbc52-a115-43bd-b089-5d44b8abcd6f/spec-cpu-2017/bin/specinvoke -d /media/fabricio/679cbc52-a115-43bd-b089-5d44b8abcd6f/spec-cpu-2017/benchspec/CPU/531.deepsjeng_r/run/run_base_refrate_mytest-m64.0000 -f compare.cmd -E -e compare.err -o compare.stdout
Issuing command '/media/fabricio/679cbc52-a115-43bd-b089-5d44b8abcd6f/spec-cpu-2017/bin/specinvoke -d /media/fabricio/679cbc52-a115-43bd-b089-5d44b8abcd6f/spec-cpu-2017/benchspec/CPU/531.deepsjeng_r/run/run_base_refrate_mytest-m64.0000 -f compare.cmd -E -e compare.err -o compare.stdout'
Start command: 2023-06-14 21:09:19 (1686787759.95709)
Stop command: 2023-06-14 21:09:20 (1686787760.20821)
Elapsed time for command: 00:00:00 (0.251111030578613)
Benchmark Times:
  Run Start:    2023-06-14 21:05:23 (1686787523)
  Rate Start:   2023-06-14 21:05:23 (1686787523.99414)
  Rate End:     2023-06-14 21:09:19 (1686787759.77475)
  Run Stop:     2023-06-14 21:09:19 (1686787759)
  Run Elapsed:  00:03:56 (236)
  Run Reported: 00:03:55 (235 780616998 235.780617)
 Success 531.deepsjeng_r base refrate ratio=4.86, runtime=235.780617, copies=1, threads=1, power=0.00W, temp=0.00 degC, humidity=0.00%
-----------------------------------
  Running (#2) 531.deepsjeng_r refrate (ref) base mytest-m64 (1 copy) [2023-06-14 21:09:20]
OpenMP environment variables removed: None
OpenMP environment variables in effect:
	OMP_NUM_THREADS	=> '1'
	OMP_THREAD_LIMIT	=> '1'
Pre-run environment changes:
	'OMP_NUM_THREADS' added: (value now '1')
	'OMP_THREAD_LIMIT' added: (value now '1')
Commands to run (specinvoke command file):
    -r
    -N C
    -C /media/fabricio/679cbc52-a115-43bd-b089-5d44b8abcd6f/spec-cpu-2017/benchspec/CPU/531.deepsjeng_r/run/run_base_refrate_mytest-m64.0000
    -o ref.out -e ref.err ../run_base_refrate_mytest-m64.0000/deepsjeng_r_base.mytest-m64 ref.txt > ref.out 2>> ref.err (timed)
Specinvoke: /media/fabricio/679cbc52-a115-43bd-b089-5d44b8abcd6f/spec-cpu-2017/bin/specinvoke -d /media/fabricio/679cbc52-a115-43bd-b089-5d44b8abcd6f/spec-cpu-2017/benchspec/CPU/531.deepsjeng_r/run/run_base_refrate_mytest-m64.0000 -f speccmds.cmd -q -e speccmds.err -o speccmds.stdout
Issuing command '/media/fabricio/679cbc52-a115-43bd-b089-5d44b8abcd6f/spec-cpu-2017/bin/specinvoke -d /media/fabricio/679cbc52-a115-43bd-b089-5d44b8abcd6f/spec-cpu-2017/benchspec/CPU/531.deepsjeng_r/run/run_base_refrate_mytest-m64.0000 -f speccmds.cmd -q -e speccmds.err -o speccmds.stdout'
Start command: 2023-06-14 21:09:20 (1686787760.2754)
Stop command: 2023-06-14 21:13:16 (1686787996.0496)
Elapsed time for command: 00:03:55 (235.77420091629)
Workload elapsed time (copy 0 workload 1) = 235.616828 seconds
Copy 0 of 531.deepsjeng_r (base refrate) run 2 finished at 2023-06-14 21:13:15.  Total elapsed time: 235.616828
OpenMP environment variables removed: None
OpenMP environment variables in effect:
	OMP_NUM_THREADS	=> '1'
	OMP_THREAD_LIMIT	=> '1'
Pre-run environment changes:
	'OMP_NUM_THREADS' added: (value now '1')
	'OMP_THREAD_LIMIT' added: (value now '1')
comparing 'ref.out' with obiwan=1
Specinvoke: /media/fabricio/679cbc52-a115-43bd-b089-5d44b8abcd6f/spec-cpu-2017/bin/specinvoke -d /media/fabricio/679cbc52-a115-43bd-b089-5d44b8abcd6f/spec-cpu-2017/benchspec/CPU/531.deepsjeng_r/run/run_base_refrate_mytest-m64.0000 -f compare.cmd -E -e compare.err -o compare.stdout
Issuing command '/media/fabricio/679cbc52-a115-43bd-b089-5d44b8abcd6f/spec-cpu-2017/bin/specinvoke -d /media/fabricio/679cbc52-a115-43bd-b089-5d44b8abcd6f/spec-cpu-2017/benchspec/CPU/531.deepsjeng_r/run/run_base_refrate_mytest-m64.0000 -f compare.cmd -E -e compare.err -o compare.stdout'
Start command: 2023-06-14 21:13:16 (1686787996.07717)
Stop command: 2023-06-14 21:13:16 (1686787996.32059)
Elapsed time for command: 00:00:00 (0.243413925170898)
Benchmark Times:
  Run Start:    2023-06-14 21:09:20 (1686787760)
  Rate Start:   2023-06-14 21:09:20 (1686787760.27814)
  Rate End:     2023-06-14 21:13:15 (1686787995.89497)
  Run Stop:     2023-06-14 21:13:16 (1686787996)
  Run Elapsed:  00:03:56 (236)
  Run Reported: 00:03:55 (235 616827964 235.616828)
 Success 531.deepsjeng_r base refrate ratio=4.86, runtime=235.616828, copies=1, threads=1, power=0.00W, temp=0.00 degC, humidity=0.00%
Success: 2x531.deepsjeng_r
Producing Raw Reports
 label: mytest-m64
  workload: refrate (ref)
   benchset: intspeed
   benchset: intrate
   metric: SPECrate2017_int_base
    format: raw -> /media/fabricio/679cbc52-a115-43bd-b089-5d44b8abcd6f/spec-cpu-2017/result/CPU2017.027.intrate.refrate.rsf
Parsing flags for 531.deepsjeng_r base: done
Doing flag reduction: done
    format: flags -> /media/fabricio/679cbc52-a115-43bd-b089-5d44b8abcd6f/spec-cpu-2017/result/CPU2017.027.intrate.refrate.flags.html
    format: cfg -> /media/fabricio/679cbc52-a115-43bd-b089-5d44b8abcd6f/spec-cpu-2017/result/CPU2017.027.intrate.refrate.cfg
    format: CSV -> /media/fabricio/679cbc52-a115-43bd-b089-5d44b8abcd6f/spec-cpu-2017/result/CPU2017.027.intrate.refrate.csv
    format: PDF -> /media/fabricio/679cbc52-a115-43bd-b089-5d44b8abcd6f/spec-cpu-2017/result/CPU2017.027.intrate.refrate.pdf
    format: HTML -> /media/fabricio/679cbc52-a115-43bd-b089-5d44b8abcd6f/spec-cpu-2017/result/CPU2017.027.intrate.refrate.html
    format: Text -> /media/fabricio/679cbc52-a115-43bd-b089-5d44b8abcd6f/spec-cpu-2017/result/CPU2017.027.intrate.refrate.txt
   benchset: fpspeed
   benchset: fprate
runcpu finished at 2023-06-14 21:13:18; 575 total seconds elapsed
Info: file_tail(5252): file '/media/fabricio/679cbc52-a115-43bd-b089-5d44b8abcd6f/spec-cpu-2017/tmp/CPU2017.027/templogs/preenv.intrate.027.0.debug' was removed and will no longer be followed.  No action is required.
The log for this run is in /media/fabricio/679cbc52-a115-43bd-b089-5d44b8abcd6f/spec-cpu-2017/result/CPU2017.027.log

runcpu finished at 2023-06-14 21:13:18; 576 total seconds elapsed
