runcpu v6247 started at 2023-06-14 20:47:27 on "fabricio-server"
runcpu is: /media/fabricio/679cbc52-a115-43bd-b089-5d44b8abcd6f/spec-cpu-2017/bin/harness/runcpu
runcpu: runcpu --config=gcc-try1 --size=all --iterations=2 505.mcf_r
toolset: linux-x86_64
suite: CPU2017 1.1.0

Locating benchmarks...found 47 benchmarks in 53 benchsets.
Reading config file '/media/fabricio/679cbc52-a115-43bd-b089-5d44b8abcd6f/spec-cpu-2017/config/gcc-try1.cfg'

1 configuration selected:

 Action    Run Mode        Workload          Report Type      Benchmarks
--------   --------   ------------------   ----------------   -----------------
validate   rate       test,train,refrate   SPECrate2017_int   505.mcf_r        
-------------------------------------------------------------------------------

Setting up environment for running 505.mcf_r...
Starting runcpu for 505.mcf_r...
Running "specperl /media/fabricio/679cbc52-a115-43bd-b089-5d44b8abcd6f/spec-cpu-2017/bin/sysinfo" to gather system information.
sysinfo: r6365 of 2019-08-21 (295195f888a3d7edb1e6e46a485a0011)
sysinfo: Getting system information for Linux...
sysinfo: ...getting CPU info
sysinfo: ...getting info from numactl
sysinfo: ...getting memory info
sysinfo: ...getting OS info
sysinfo: ...getting CPU vulnerability status from the kernel
sysinfo: ...getting disk info
sysinfo: ...trying to get info from /sys/devices/virtual/dmi/id
sysinfo: ...trying to get info from dmidecode
Read 130 info lines from the sysinfo program.
Retrieving flags file (/media/fabricio/679cbc52-a115-43bd-b089-5d44b8abcd6f/spec-cpu-2017/config/flags/gcc.xml)...
Verbosity = 5
Action    = validate
Tune      = base
Label     = mytest-m64
Size      = test,train,refrate
benchmarks= 505.mcf_r
outputs   = txt,html,cfg,pdf,csv
username  = fabricio
Environment settings:
LD_LIBRARY_PATH = "%{gcc_dir}/lib64/:%{gcc_dir}/lib/:/lib64"

Benchmarks selected: 505.mcf_r
Compiling Binaries
------------------------------------------------------------------------
COMP: "/usr/bin/gcc     -std=c99   -m64 -c -o options.o -DSPEC -DNDEBUG  -Ispec_qsort -DSPEC_AUTO_SUPPRESS_OPENMP -g -O3 -march=native -fno-unsafe-math-optimizations  -fno-tree-loop-vectorize            -fno-strict-aliasing -fgnu89-inline   -DSPEC_LP64  <source>"
C: CC="/usr/bin/gcc     -std=c99   -m64"
C: COBJOPT="-c -o options"
P: CPUFLAGS="-DSPEC -DNDEBUG"
P: BENCH_FLAGS=""
P: BENCH_CFLAGS="-Ispec_qsort -DSPEC_AUTO_SUPPRESS_OPENMP"
O: OPTIMIZE="-g -O3 -march=native -fno-unsafe-math-optimizations  -fno-tree-loop-vectorize"
O: COPTIMIZE=""
P: PORTABILITY=""
P: CPORTABILITY=""
O: EXTRA_CFLAGS=""
O: EXTRA_OPTIMIZE=""
O: EXTRA_COPTIMIZE="-fno-strict-aliasing -fgnu89-inline"
P: EXTRA_PORTABILITY="-DSPEC_LP64"
P: EXTRA_CPORTABILITY=""
LINK: "/usr/bin/gcc     -std=c99   -m64      -g -O3 -march=native -fno-unsafe-math-optimizations  -fno-tree-loop-vectorize         -fno-strict-aliasing -fgnu89-inline <objects>   -lm         -o options  "
C: LD="/usr/bin/gcc     -std=c99   -m64"
O: OPTIMIZE="-g -O3 -march=native -fno-unsafe-math-optimizations  -fno-tree-loop-vectorize"
O: EXTRA_COPTIMIZE="-fno-strict-aliasing -fgnu89-inline"
C: MATH_LIBS="-lm"
C: LDOUT="-o options"
 CC_VERSION_OPTION:
Using built-in specs.
COLLECT_GCC=/usr/bin/gcc
COLLECT_LTO_WRAPPER=/usr/lib/gcc/x86_64-linux-gnu/7/lto-wrapper
OFFLOAD_TARGET_NAMES=nvptx-none
OFFLOAD_TARGET_DEFAULT=1
Target: x86_64-linux-gnu
Configured with: ../src/configure -v --with-pkgversion='Ubuntu 7.5.0-3ubuntu1~18.04' --with-bugurl=file:///usr/share/doc/gcc-7/README.Bugs --enable-languages=c,ada,c++,go,brig,d,fortran,objc,obj-c++ --prefix=/usr --with-gcc-major-version-only --program-suffix=-7 --program-prefix=x86_64-linux-gnu- --enable-shared --enable-linker-build-id --libexecdir=/usr/lib --without-included-gettext --enable-threads=posix --libdir=/usr/lib --enable-nls --enable-bootstrap --enable-clocale=gnu --enable-libstdcxx-debug --enable-libstdcxx-time=yes --with-default-libstdcxx-abi=new --enable-gnu-unique-object --disable-vtable-verify --enable-libmpx --enable-plugin --enable-default-pie --with-system-zlib --with-target-system-zlib --enable-objc-gc=auto --enable-multiarch --disable-werror --with-arch-32=i686 --with-abi=m64 --with-multilib-list=m32,m64,mx32 --enable-multilib --with-tune=generic --enable-offload-targets=nvptx-none --without-cuda-driver --enable-checking=release --build=x86_64-linux-gnu --host=x86_64-linux-gnu --tar
get=x86_64-linux-gnu
Thread model: posix
gcc version 7.5.0 (Ubuntu 7.5.0-3ubuntu1~18.04) 
  Up to date 505.mcf_r base mytest-m64


Setting Up Run Directories
  Setting up 505.mcf_r test base mytest-m64 (1 copy): run_base_test_mytest-m64.0000
-----------------------------------
Running Benchmarks
-----------------------------------
  Running (#1) 505.mcf_r test base mytest-m64 (1 copy) [2023-06-14 20:47:28]
OpenMP environment variables removed: None
OpenMP environment variables in effect:
	OMP_NUM_THREADS	=> '1'
	OMP_THREAD_LIMIT	=> '1'
Pre-run environment changes:
	'OMP_NUM_THREADS' added: (value now '1')
	'OMP_THREAD_LIMIT' added: (value now '1')
Commands to run (specinvoke command file):
    -r
    -N C
    -C /media/fabricio/679cbc52-a115-43bd-b089-5d44b8abcd6f/spec-cpu-2017/benchspec/CPU/505.mcf_r/run/run_base_test_mytest-m64.0000
    -o inp.out -e inp.err ../run_base_test_mytest-m64.0000/mcf_r_base.mytest-m64 inp.in  > inp.out 2>> inp.err (timed)
Specinvoke: /media/fabricio/679cbc52-a115-43bd-b089-5d44b8abcd6f/spec-cpu-2017/bin/specinvoke -d /media/fabricio/679cbc52-a115-43bd-b089-5d44b8abcd6f/spec-cpu-2017/benchspec/CPU/505.mcf_r/run/run_base_test_mytest-m64.0000 -f speccmds.cmd -q -e speccmds.err -o speccmds.stdout
Issuing command '/media/fabricio/679cbc52-a115-43bd-b089-5d44b8abcd6f/spec-cpu-2017/bin/specinvoke -d /media/fabricio/679cbc52-a115-43bd-b089-5d44b8abcd6f/spec-cpu-2017/benchspec/CPU/505.mcf_r/run/run_base_test_mytest-m64.0000 -f speccmds.cmd -q -e speccmds.err -o speccmds.stdout'
Start command: 2023-06-14 20:47:28 (1686786448.80242)
Stop command: 2023-06-14 20:47:35 (1686786455.29516)
Elapsed time for command: 00:00:06 (6.49273800849915)
Workload elapsed time (copy 0 workload 1) = 6.336857 seconds
Copy 0 of 505.mcf_r (base test) run 1 finished at 2023-06-14 20:47:35.  Total elapsed time: 6.336857
OpenMP environment variables removed: None
OpenMP environment variables in effect:
	OMP_NUM_THREADS	=> '1'
	OMP_THREAD_LIMIT	=> '1'
Pre-run environment changes:
	'OMP_NUM_THREADS' added: (value now '1')
	'OMP_THREAD_LIMIT' added: (value now '1')
comparing 'inp.out' with 
comparing 'mcf.out' with 
Specinvoke: /media/fabricio/679cbc52-a115-43bd-b089-5d44b8abcd6f/spec-cpu-2017/bin/specinvoke -d /media/fabricio/679cbc52-a115-43bd-b089-5d44b8abcd6f/spec-cpu-2017/benchspec/CPU/505.mcf_r/run/run_base_test_mytest-m64.0000 -f compare.cmd -E -e compare.err -o compare.stdout
Issuing command '/media/fabricio/679cbc52-a115-43bd-b089-5d44b8abcd6f/spec-cpu-2017/bin/specinvoke -d /media/fabricio/679cbc52-a115-43bd-b089-5d44b8abcd6f/spec-cpu-2017/benchspec/CPU/505.mcf_r/run/run_base_test_mytest-m64.0000 -f compare.cmd -E -e compare.err -o compare.stdout'
Start command: 2023-06-14 20:47:35 (1686786455.32237)
Stop command: 2023-06-14 20:47:35 (1686786455.64152)
Elapsed time for command: 00:00:00 (0.319149017333984)
Benchmark Times:
  Run Start:    2023-06-14 20:47:28 (1686786448)
  Rate Start:   2023-06-14 20:47:28 (1686786448.80438)
  Rate End:     2023-06-14 20:47:35 (1686786455.14124)
  Run Stop:     2023-06-14 20:47:35 (1686786455)
  Run Elapsed:  00:00:07 (7)
  Run Reported: 00:00:06 (6 336857080 6.336857)
 Success 505.mcf_r base test ratio=-0.00, runtime=6.336857, copies=1, threads=1, power=0.00W, temp=0.00 degC, humidity=0.00%
-----------------------------------
  Running (#2) 505.mcf_r test base mytest-m64 (1 copy) [2023-06-14 20:47:35]
OpenMP environment variables removed: None
OpenMP environment variables in effect:
	OMP_NUM_THREADS	=> '1'
	OMP_THREAD_LIMIT	=> '1'
Pre-run environment changes:
	'OMP_NUM_THREADS' added: (value now '1')
	'OMP_THREAD_LIMIT' added: (value now '1')
Commands to run (specinvoke command file):
    -r
    -N C
    -C /media/fabricio/679cbc52-a115-43bd-b089-5d44b8abcd6f/spec-cpu-2017/benchspec/CPU/505.mcf_r/run/run_base_test_mytest-m64.0000
    -o inp.out -e inp.err ../run_base_test_mytest-m64.0000/mcf_r_base.mytest-m64 inp.in  > inp.out 2>> inp.err (timed)
Specinvoke: /media/fabricio/679cbc52-a115-43bd-b089-5d44b8abcd6f/spec-cpu-2017/bin/specinvoke -d /media/fabricio/679cbc52-a115-43bd-b089-5d44b8abcd6f/spec-cpu-2017/benchspec/CPU/505.mcf_r/run/run_base_test_mytest-m64.0000 -f speccmds.cmd -q -e speccmds.err -o speccmds.stdout
Issuing command '/media/fabricio/679cbc52-a115-43bd-b089-5d44b8abcd6f/spec-cpu-2017/bin/specinvoke -d /media/fabricio/679cbc52-a115-43bd-b089-5d44b8abcd6f/spec-cpu-2017/benchspec/CPU/505.mcf_r/run/run_base_test_mytest-m64.0000 -f speccmds.cmd -q -e speccmds.err -o speccmds.stdout'
Start command: 2023-06-14 20:47:35 (1686786455.72653)
Stop command: 2023-06-14 20:47:42 (1686786462.33356)
Elapsed time for command: 00:00:06 (6.60703015327454)
Workload elapsed time (copy 0 workload 1) = 6.448866 seconds
Copy 0 of 505.mcf_r (base test) run 2 finished at 2023-06-14 20:47:42.  Total elapsed time: 6.448866
OpenMP environment variables removed: None
OpenMP environment variables in effect:
	OMP_NUM_THREADS	=> '1'
	OMP_THREAD_LIMIT	=> '1'
Pre-run environment changes:
	'OMP_NUM_THREADS' added: (value now '1')
	'OMP_THREAD_LIMIT' added: (value now '1')
comparing 'inp.out' with 
comparing 'mcf.out' with 
Specinvoke: /media/fabricio/679cbc52-a115-43bd-b089-5d44b8abcd6f/spec-cpu-2017/bin/specinvoke -d /media/fabricio/679cbc52-a115-43bd-b089-5d44b8abcd6f/spec-cpu-2017/benchspec/CPU/505.mcf_r/run/run_base_test_mytest-m64.0000 -f compare.cmd -E -e compare.err -o compare.stdout
Issuing command '/media/fabricio/679cbc52-a115-43bd-b089-5d44b8abcd6f/spec-cpu-2017/bin/specinvoke -d /media/fabricio/679cbc52-a115-43bd-b089-5d44b8abcd6f/spec-cpu-2017/benchspec/CPU/505.mcf_r/run/run_base_test_mytest-m64.0000 -f compare.cmd -E -e compare.err -o compare.stdout'
Start command: 2023-06-14 20:47:42 (1686786462.36037)
Stop command: 2023-06-14 20:47:42 (1686786462.6794)
Elapsed time for command: 00:00:00 (0.319029808044434)
Benchmark Times:
  Run Start:    2023-06-14 20:47:35 (1686786455)
  Rate Start:   2023-06-14 20:47:35 (1686786455.73074)
  Rate End:     2023-06-14 20:47:42 (1686786462.17961)
  Run Stop:     2023-06-14 20:47:42 (1686786462)
  Run Elapsed:  00:00:07 (7)
  Run Reported: 00:00:06 (6 448866128 6.448866)
 Success 505.mcf_r base test ratio=-0.00, runtime=6.448866, copies=1, threads=1, power=0.00W, temp=0.00 degC, humidity=0.00%
Success: 2x505.mcf_r
Producing Raw Reports
 label: mytest-m64
  workload: test
   benchset: intspeed
   benchset: intrate
   metric: SPECrate2017_int_base
    format: raw -> /media/fabricio/679cbc52-a115-43bd-b089-5d44b8abcd6f/spec-cpu-2017/result/CPU2017.026.intrate.test.rsf
Parsing flags for 505.mcf_r base: done
Doing flag reduction: done
    format: flags -> /media/fabricio/679cbc52-a115-43bd-b089-5d44b8abcd6f/spec-cpu-2017/result/CPU2017.026.intrate.test.flags.html
    format: cfg -> /media/fabricio/679cbc52-a115-43bd-b089-5d44b8abcd6f/spec-cpu-2017/result/CPU2017.026.intrate.test.cfg
    format: CSV -> /media/fabricio/679cbc52-a115-43bd-b089-5d44b8abcd6f/spec-cpu-2017/result/CPU2017.026.intrate.test.csv
    format: PDF -> /media/fabricio/679cbc52-a115-43bd-b089-5d44b8abcd6f/spec-cpu-2017/result/CPU2017.026.intrate.test.pdf
    format: HTML -> /media/fabricio/679cbc52-a115-43bd-b089-5d44b8abcd6f/spec-cpu-2017/result/CPU2017.026.intrate.test.html
    format: Text -> /media/fabricio/679cbc52-a115-43bd-b089-5d44b8abcd6f/spec-cpu-2017/result/CPU2017.026.intrate.test.txt
   benchset: fpspeed
   benchset: fprate
Verbosity = 5
Action    = validate
Tune      = base
Label     = mytest-m64
Size      = test,train,refrate
benchmarks= 505.mcf_r
outputs   = txt,html,cfg,pdf,csv
username  = fabricio
Environment settings:
LD_LIBRARY_PATH = "%{gcc_dir}/lib64/:%{gcc_dir}/lib/:/lib64"

Benchmarks selected: 505.mcf_r
Compiling Binaries
------------------------------------------------------------------------
COMP: "/usr/bin/gcc     -std=c99   -m64 -c -o options.o -DSPEC -DNDEBUG  -Ispec_qsort -DSPEC_AUTO_SUPPRESS_OPENMP -g -O3 -march=native -fno-unsafe-math-optimizations  -fno-tree-loop-vectorize            -fno-strict-aliasing -fgnu89-inline   -DSPEC_LP64  <source>"
C: CC="/usr/bin/gcc     -std=c99   -m64"
C: COBJOPT="-c -o options"
P: CPUFLAGS="-DSPEC -DNDEBUG"
P: BENCH_FLAGS=""
P: BENCH_CFLAGS="-Ispec_qsort -DSPEC_AUTO_SUPPRESS_OPENMP"
O: OPTIMIZE="-g -O3 -march=native -fno-unsafe-math-optimizations  -fno-tree-loop-vectorize"
O: COPTIMIZE=""
P: PORTABILITY=""
P: CPORTABILITY=""
O: EXTRA_CFLAGS=""
O: EXTRA_OPTIMIZE=""
O: EXTRA_COPTIMIZE="-fno-strict-aliasing -fgnu89-inline"
P: EXTRA_PORTABILITY="-DSPEC_LP64"
P: EXTRA_CPORTABILITY=""
LINK: "/usr/bin/gcc     -std=c99   -m64      -g -O3 -march=native -fno-unsafe-math-optimizations  -fno-tree-loop-vectorize         -fno-strict-aliasing -fgnu89-inline <objects>   -lm         -o options  "
C: LD="/usr/bin/gcc     -std=c99   -m64"
O: OPTIMIZE="-g -O3 -march=native -fno-unsafe-math-optimizations  -fno-tree-loop-vectorize"
O: EXTRA_COPTIMIZE="-fno-strict-aliasing -fgnu89-inline"
C: MATH_LIBS="-lm"
C: LDOUT="-o options"
 CC_VERSION_OPTION:
Using built-in specs.
COLLECT_GCC=/usr/bin/gcc
COLLECT_LTO_WRAPPER=/usr/lib/gcc/x86_64-linux-gnu/7/lto-wrapper
OFFLOAD_TARGET_NAMES=nvptx-none
OFFLOAD_TARGET_DEFAULT=1
Target: x86_64-linux-gnu
Configured with: ../src/configure -v --with-pkgversion='Ubuntu 7.5.0-3ubuntu1~18.04' --with-bugurl=file:///usr/share/doc/gcc-7/README.Bugs --enable-languages=c,ada,c++,go,brig,d,fortran,objc,obj-c++ --prefix=/usr --with-gcc-major-version-only --program-suffix=-7 --program-prefix=x86_64-linux-gnu- --enable-shared --enable-linker-build-id --libexecdir=/usr/lib --without-included-gettext --enable-threads=posix --libdir=/usr/lib --enable-nls --enable-bootstrap --enable-clocale=gnu --enable-libstdcxx-debug --enable-libstdcxx-time=yes --with-default-libstdcxx-abi=new --enable-gnu-unique-object --disable-vtable-verify --enable-libmpx --enable-plugin --enable-default-pie --with-system-zlib --with-target-system-zlib --enable-objc-gc=auto --enable-multiarch --disable-werror --with-arch-32=i686 --with-abi=m64 --with-multilib-list=m32,m64,mx32 --enable-multilib --with-tune=generic --enable-offload-targets=nvptx-none --without-cuda-driver --enable-checking=release --build=x86_64-linux-gnu --host=x86_64-linux-gnu --tar
get=x86_64-linux-gnu
Thread model: posix
gcc version 7.5.0 (Ubuntu 7.5.0-3ubuntu1~18.04) 
  Up to date 505.mcf_r base mytest-m64


Setting Up Run Directories
  Setting up 505.mcf_r train base mytest-m64 (1 copy): run_base_train_mytest-m64.0000
-----------------------------------
Running Benchmarks
-----------------------------------
  Running (#1) 505.mcf_r train base mytest-m64 (1 copy) [2023-06-14 20:47:45]
OpenMP environment variables removed: None
OpenMP environment variables in effect:
	OMP_NUM_THREADS	=> '1'
	OMP_THREAD_LIMIT	=> '1'
Pre-run environment changes:
	'OMP_NUM_THREADS' added: (value now '1')
	'OMP_THREAD_LIMIT' added: (value now '1')
Commands to run (specinvoke command file):
    -r
    -N C
    -C /media/fabricio/679cbc52-a115-43bd-b089-5d44b8abcd6f/spec-cpu-2017/benchspec/CPU/505.mcf_r/run/run_base_train_mytest-m64.0000
    -o inp.out -e inp.err ../run_base_train_mytest-m64.0000/mcf_r_base.mytest-m64 inp.in  > inp.out 2>> inp.err (timed)
Specinvoke: /media/fabricio/679cbc52-a115-43bd-b089-5d44b8abcd6f/spec-cpu-2017/bin/specinvoke -d /media/fabricio/679cbc52-a115-43bd-b089-5d44b8abcd6f/spec-cpu-2017/benchspec/CPU/505.mcf_r/run/run_base_train_mytest-m64.0000 -f speccmds.cmd -q -e speccmds.err -o speccmds.stdout
Issuing command '/media/fabricio/679cbc52-a115-43bd-b089-5d44b8abcd6f/spec-cpu-2017/bin/specinvoke -d /media/fabricio/679cbc52-a115-43bd-b089-5d44b8abcd6f/spec-cpu-2017/benchspec/CPU/505.mcf_r/run/run_base_train_mytest-m64.0000 -f speccmds.cmd -q -e speccmds.err -o speccmds.stdout'
Start command: 2023-06-14 20:47:45 (1686786465.3559)
Stop command: 2023-06-14 20:48:20 (1686786500.70434)
Elapsed time for command: 00:00:35 (35.3484389781952)
Workload elapsed time (copy 0 workload 1) = 35.19193 seconds
Copy 0 of 505.mcf_r (base train) run 1 finished at 2023-06-14 20:48:20.  Total elapsed time: 35.19193
OpenMP environment variables removed: None
OpenMP environment variables in effect:
	OMP_NUM_THREADS	=> '1'
	OMP_THREAD_LIMIT	=> '1'
Pre-run environment changes:
	'OMP_NUM_THREADS' added: (value now '1')
	'OMP_THREAD_LIMIT' added: (value now '1')
comparing 'inp.out' with 
comparing 'mcf.out' with 
Specinvoke: /media/fabricio/679cbc52-a115-43bd-b089-5d44b8abcd6f/spec-cpu-2017/bin/specinvoke -d /media/fabricio/679cbc52-a115-43bd-b089-5d44b8abcd6f/spec-cpu-2017/benchspec/CPU/505.mcf_r/run/run_base_train_mytest-m64.0000 -f compare.cmd -E -e compare.err -o compare.stdout
Issuing command '/media/fabricio/679cbc52-a115-43bd-b089-5d44b8abcd6f/spec-cpu-2017/bin/specinvoke -d /media/fabricio/679cbc52-a115-43bd-b089-5d44b8abcd6f/spec-cpu-2017/benchspec/CPU/505.mcf_r/run/run_base_train_mytest-m64.0000 -f compare.cmd -E -e compare.err -o compare.stdout'
Start command: 2023-06-14 20:48:20 (1686786500.73259)
Stop command: 2023-06-14 20:48:21 (1686786501.05134)
Elapsed time for command: 00:00:00 (0.318753004074097)
Benchmark Times:
  Run Start:    2023-06-14 20:47:45 (1686786465)
  Rate Start:   2023-06-14 20:47:45 (1686786465.35784)
  Rate End:     2023-06-14 20:48:20 (1686786500.54977)
  Run Stop:     2023-06-14 20:48:20 (1686786500)
  Run Elapsed:  00:00:35 (35)
  Run Reported: 00:00:35 (35 191929817 35.19193)
 Success 505.mcf_r base train ratio=-0.00, runtime=35.191930, copies=1, threads=1, power=0.00W, temp=0.00 degC, humidity=0.00%
-----------------------------------
  Running (#2) 505.mcf_r train base mytest-m64 (1 copy) [2023-06-14 20:48:21]
OpenMP environment variables removed: None
OpenMP environment variables in effect:
	OMP_NUM_THREADS	=> '1'
	OMP_THREAD_LIMIT	=> '1'
Pre-run environment changes:
	'OMP_NUM_THREADS' added: (value now '1')
	'OMP_THREAD_LIMIT' added: (value now '1')
Commands to run (specinvoke command file):
    -r
    -N C
    -C /media/fabricio/679cbc52-a115-43bd-b089-5d44b8abcd6f/spec-cpu-2017/benchspec/CPU/505.mcf_r/run/run_base_train_mytest-m64.0000
    -o inp.out -e inp.err ../run_base_train_mytest-m64.0000/mcf_r_base.mytest-m64 inp.in  > inp.out 2>> inp.err (timed)
Specinvoke: /media/fabricio/679cbc52-a115-43bd-b089-5d44b8abcd6f/spec-cpu-2017/bin/specinvoke -d /media/fabricio/679cbc52-a115-43bd-b089-5d44b8abcd6f/spec-cpu-2017/benchspec/CPU/505.mcf_r/run/run_base_train_mytest-m64.0000 -f speccmds.cmd -q -e speccmds.err -o speccmds.stdout
Issuing command '/media/fabricio/679cbc52-a115-43bd-b089-5d44b8abcd6f/spec-cpu-2017/bin/specinvoke -d /media/fabricio/679cbc52-a115-43bd-b089-5d44b8abcd6f/spec-cpu-2017/benchspec/CPU/505.mcf_r/run/run_base_train_mytest-m64.0000 -f speccmds.cmd -q -e speccmds.err -o speccmds.stdout'
Start command: 2023-06-14 20:48:21 (1686786501.14277)
Stop command: 2023-06-14 20:48:56 (1686786536.94263)
Elapsed time for command: 00:00:35 (35.7998600006104)
Workload elapsed time (copy 0 workload 1) = 35.640873 seconds
Copy 0 of 505.mcf_r (base train) run 2 finished at 2023-06-14 20:48:56.  Total elapsed time: 35.640873
OpenMP environment variables removed: None
OpenMP environment variables in effect:
	OMP_NUM_THREADS	=> '1'
	OMP_THREAD_LIMIT	=> '1'
Pre-run environment changes:
	'OMP_NUM_THREADS' added: (value now '1')
	'OMP_THREAD_LIMIT' added: (value now '1')
comparing 'inp.out' with 
comparing 'mcf.out' with 
Specinvoke: /media/fabricio/679cbc52-a115-43bd-b089-5d44b8abcd6f/spec-cpu-2017/bin/specinvoke -d /media/fabricio/679cbc52-a115-43bd-b089-5d44b8abcd6f/spec-cpu-2017/benchspec/CPU/505.mcf_r/run/run_base_train_mytest-m64.0000 -f compare.cmd -E -e compare.err -o compare.stdout
Issuing command '/media/fabricio/679cbc52-a115-43bd-b089-5d44b8abcd6f/spec-cpu-2017/bin/specinvoke -d /media/fabricio/679cbc52-a115-43bd-b089-5d44b8abcd6f/spec-cpu-2017/benchspec/CPU/505.mcf_r/run/run_base_train_mytest-m64.0000 -f compare.cmd -E -e compare.err -o compare.stdout'
Start command: 2023-06-14 20:48:56 (1686786536.97022)
Stop command: 2023-06-14 20:48:57 (1686786537.2907)
Elapsed time for command: 00:00:00 (0.320482969284058)
Benchmark Times:
  Run Start:    2023-06-14 20:48:21 (1686786501)
  Rate Start:   2023-06-14 20:48:21 (1686786501.14757)
  Rate End:     2023-06-14 20:48:56 (1686786536.78844)
  Run Stop:     2023-06-14 20:48:56 (1686786536)
  Run Elapsed:  00:00:35 (35)
  Run Reported: 00:00:35 (35 640872955 35.640873)
 Success 505.mcf_r base train ratio=-0.00, runtime=35.640873, copies=1, threads=1, power=0.00W, temp=0.00 degC, humidity=0.00%
Success: 2x505.mcf_r
Producing Raw Reports
 label: mytest-m64
  workload: train
   benchset: intspeed
   benchset: intrate
   metric: SPECrate2017_int_base
    format: raw -> /media/fabricio/679cbc52-a115-43bd-b089-5d44b8abcd6f/spec-cpu-2017/result/CPU2017.026.intrate.train.rsf
Parsing flags for 505.mcf_r base: done
Doing flag reduction: done
    format: flags -> /media/fabricio/679cbc52-a115-43bd-b089-5d44b8abcd6f/spec-cpu-2017/result/CPU2017.026.intrate.train.flags.html
    format: cfg -> /media/fabricio/679cbc52-a115-43bd-b089-5d44b8abcd6f/spec-cpu-2017/result/CPU2017.026.intrate.train.cfg
    format: CSV -> /media/fabricio/679cbc52-a115-43bd-b089-5d44b8abcd6f/spec-cpu-2017/result/CPU2017.026.intrate.train.csv
    format: PDF -> /media/fabricio/679cbc52-a115-43bd-b089-5d44b8abcd6f/spec-cpu-2017/result/CPU2017.026.intrate.train.pdf
    format: HTML -> /media/fabricio/679cbc52-a115-43bd-b089-5d44b8abcd6f/spec-cpu-2017/result/CPU2017.026.intrate.train.html
    format: Text -> /media/fabricio/679cbc52-a115-43bd-b089-5d44b8abcd6f/spec-cpu-2017/result/CPU2017.026.intrate.train.txt
   benchset: fpspeed
   benchset: fprate
Verbosity = 5
Action    = validate
Tune      = base
Label     = mytest-m64
Size      = test,train,refrate
benchmarks= 505.mcf_r
outputs   = txt,html,cfg,pdf,csv
username  = fabricio
Environment settings:
LD_LIBRARY_PATH = "%{gcc_dir}/lib64/:%{gcc_dir}/lib/:/lib64"

Benchmarks selected: 505.mcf_r
Compiling Binaries
------------------------------------------------------------------------
COMP: "/usr/bin/gcc     -std=c99   -m64 -c -o options.o -DSPEC -DNDEBUG  -Ispec_qsort -DSPEC_AUTO_SUPPRESS_OPENMP -g -O3 -march=native -fno-unsafe-math-optimizations  -fno-tree-loop-vectorize            -fno-strict-aliasing -fgnu89-inline   -DSPEC_LP64  <source>"
C: CC="/usr/bin/gcc     -std=c99   -m64"
C: COBJOPT="-c -o options"
P: CPUFLAGS="-DSPEC -DNDEBUG"
P: BENCH_FLAGS=""
P: BENCH_CFLAGS="-Ispec_qsort -DSPEC_AUTO_SUPPRESS_OPENMP"
O: OPTIMIZE="-g -O3 -march=native -fno-unsafe-math-optimizations  -fno-tree-loop-vectorize"
O: COPTIMIZE=""
P: PORTABILITY=""
P: CPORTABILITY=""
O: EXTRA_CFLAGS=""
O: EXTRA_OPTIMIZE=""
O: EXTRA_COPTIMIZE="-fno-strict-aliasing -fgnu89-inline"
P: EXTRA_PORTABILITY="-DSPEC_LP64"
P: EXTRA_CPORTABILITY=""
LINK: "/usr/bin/gcc     -std=c99   -m64      -g -O3 -march=native -fno-unsafe-math-optimizations  -fno-tree-loop-vectorize         -fno-strict-aliasing -fgnu89-inline <objects>   -lm         -o options  "
C: LD="/usr/bin/gcc     -std=c99   -m64"
O: OPTIMIZE="-g -O3 -march=native -fno-unsafe-math-optimizations  -fno-tree-loop-vectorize"
O: EXTRA_COPTIMIZE="-fno-strict-aliasing -fgnu89-inline"
C: MATH_LIBS="-lm"
C: LDOUT="-o options"
 CC_VERSION_OPTION:
Using built-in specs.
COLLECT_GCC=/usr/bin/gcc
COLLECT_LTO_WRAPPER=/usr/lib/gcc/x86_64-linux-gnu/7/lto-wrapper
OFFLOAD_TARGET_NAMES=nvptx-none
OFFLOAD_TARGET_DEFAULT=1
Target: x86_64-linux-gnu
Configured with: ../src/configure -v --with-pkgversion='Ubuntu 7.5.0-3ubuntu1~18.04' --with-bugurl=file:///usr/share/doc/gcc-7/README.Bugs --enable-languages=c,ada,c++,go,brig,d,fortran,objc,obj-c++ --prefix=/usr --with-gcc-major-version-only --program-suffix=-7 --program-prefix=x86_64-linux-gnu- --enable-shared --enable-linker-build-id --libexecdir=/usr/lib --without-included-gettext --enable-threads=posix --libdir=/usr/lib --enable-nls --enable-bootstrap --enable-clocale=gnu --enable-libstdcxx-debug --enable-libstdcxx-time=yes --with-default-libstdcxx-abi=new --enable-gnu-unique-object --disable-vtable-verify --enable-libmpx --enable-plugin --enable-default-pie --with-system-zlib --with-target-system-zlib --enable-objc-gc=auto --enable-multiarch --disable-werror --with-arch-32=i686 --with-abi=m64 --with-multilib-list=m32,m64,mx32 --enable-multilib --with-tune=generic --enable-offload-targets=nvptx-none --without-cuda-driver --enable-checking=release --build=x86_64-linux-gnu --host=x86_64-linux-gnu --tar
get=x86_64-linux-gnu
Thread model: posix
gcc version 7.5.0 (Ubuntu 7.5.0-3ubuntu1~18.04) 
  Up to date 505.mcf_r base mytest-m64


Setting Up Run Directories
  Setting up 505.mcf_r refrate (ref) base mytest-m64 (1 copy): run_base_refrate_mytest-m64.0000
-----------------------------------
Running Benchmarks
-----------------------------------
  Running (#1) 505.mcf_r refrate (ref) base mytest-m64 (1 copy) [2023-06-14 20:48:59]
OpenMP environment variables removed: None
OpenMP environment variables in effect:
	OMP_NUM_THREADS	=> '1'
	OMP_THREAD_LIMIT	=> '1'
Pre-run environment changes:
	'OMP_NUM_THREADS' added: (value now '1')
	'OMP_THREAD_LIMIT' added: (value now '1')
Commands to run (specinvoke command file):
    -r
    -N C
    -C /media/fabricio/679cbc52-a115-43bd-b089-5d44b8abcd6f/spec-cpu-2017/benchspec/CPU/505.mcf_r/run/run_base_refrate_mytest-m64.0000
    -o inp.out -e inp.err ../run_base_refrate_mytest-m64.0000/mcf_r_base.mytest-m64 inp.in  > inp.out 2>> inp.err (timed)
Specinvoke: /media/fabricio/679cbc52-a115-43bd-b089-5d44b8abcd6f/spec-cpu-2017/bin/specinvoke -d /media/fabricio/679cbc52-a115-43bd-b089-5d44b8abcd6f/spec-cpu-2017/benchspec/CPU/505.mcf_r/run/run_base_refrate_mytest-m64.0000 -f speccmds.cmd -q -e speccmds.err -o speccmds.stdout
Issuing command '/media/fabricio/679cbc52-a115-43bd-b089-5d44b8abcd6f/spec-cpu-2017/bin/specinvoke -d /media/fabricio/679cbc52-a115-43bd-b089-5d44b8abcd6f/spec-cpu-2017/benchspec/CPU/505.mcf_r/run/run_base_refrate_mytest-m64.0000 -f speccmds.cmd -q -e speccmds.err -o speccmds.stdout'
Start command: 2023-06-14 20:48:59 (1686786539.88615)
Stop command: 2023-06-14 20:53:02 (1686786782.99486)
Elapsed time for command: 00:04:03 (243.108711004257)
Workload elapsed time (copy 0 workload 1) = 242.953113 seconds
Copy 0 of 505.mcf_r (base refrate) run 1 finished at 2023-06-14 20:53:02.  Total elapsed time: 242.953113
OpenMP environment variables removed: None
OpenMP environment variables in effect:
	OMP_NUM_THREADS	=> '1'
	OMP_THREAD_LIMIT	=> '1'
Pre-run environment changes:
	'OMP_NUM_THREADS' added: (value now '1')
	'OMP_THREAD_LIMIT' added: (value now '1')
comparing 'inp.out' with 
comparing 'mcf.out' with 
Specinvoke: /media/fabricio/679cbc52-a115-43bd-b089-5d44b8abcd6f/spec-cpu-2017/bin/specinvoke -d /media/fabricio/679cbc52-a115-43bd-b089-5d44b8abcd6f/spec-cpu-2017/benchspec/CPU/505.mcf_r/run/run_base_refrate_mytest-m64.0000 -f compare.cmd -E -e compare.err -o compare.stdout
Issuing command '/media/fabricio/679cbc52-a115-43bd-b089-5d44b8abcd6f/spec-cpu-2017/bin/specinvoke -d /media/fabricio/679cbc52-a115-43bd-b089-5d44b8abcd6f/spec-cpu-2017/benchspec/CPU/505.mcf_r/run/run_base_refrate_mytest-m64.0000 -f compare.cmd -E -e compare.err -o compare.stdout'
Start command: 2023-06-14 20:53:03 (1686786783.01918)
Stop command: 2023-06-14 20:53:03 (1686786783.34132)
Elapsed time for command: 00:00:00 (0.32213282585144)
Benchmark Times:
  Run Start:    2023-06-14 20:48:59 (1686786539)
  Rate Start:   2023-06-14 20:48:59 (1686786539.88815)
  Rate End:     2023-06-14 20:53:02 (1686786782.84126)
  Run Stop:     2023-06-14 20:53:02 (1686786782)
  Run Elapsed:  00:04:03 (243)
  Run Reported: 00:04:02 (242 953112840 242.953113)
 Success 505.mcf_r base refrate ratio=6.65, runtime=242.953113, copies=1, threads=1, power=0.00W, temp=0.00 degC, humidity=0.00%
-----------------------------------
  Running (#2) 505.mcf_r refrate (ref) base mytest-m64 (1 copy) [2023-06-14 20:53:03]
OpenMP environment variables removed: None
OpenMP environment variables in effect:
	OMP_NUM_THREADS	=> '1'
	OMP_THREAD_LIMIT	=> '1'
Pre-run environment changes:
	'OMP_NUM_THREADS' added: (value now '1')
	'OMP_THREAD_LIMIT' added: (value now '1')
Commands to run (specinvoke command file):
    -r
    -N C
    -C /media/fabricio/679cbc52-a115-43bd-b089-5d44b8abcd6f/spec-cpu-2017/benchspec/CPU/505.mcf_r/run/run_base_refrate_mytest-m64.0000
    -o inp.out -e inp.err ../run_base_refrate_mytest-m64.0000/mcf_r_base.mytest-m64 inp.in  > inp.out 2>> inp.err (timed)
Specinvoke: /media/fabricio/679cbc52-a115-43bd-b089-5d44b8abcd6f/spec-cpu-2017/bin/specinvoke -d /media/fabricio/679cbc52-a115-43bd-b089-5d44b8abcd6f/spec-cpu-2017/benchspec/CPU/505.mcf_r/run/run_base_refrate_mytest-m64.0000 -f speccmds.cmd -q -e speccmds.err -o speccmds.stdout
Issuing command '/media/fabricio/679cbc52-a115-43bd-b089-5d44b8abcd6f/spec-cpu-2017/bin/specinvoke -d /media/fabricio/679cbc52-a115-43bd-b089-5d44b8abcd6f/spec-cpu-2017/benchspec/CPU/505.mcf_r/run/run_base_refrate_mytest-m64.0000 -f speccmds.cmd -q -e speccmds.err -o speccmds.stdout'
Start command: 2023-06-14 20:53:03 (1686786783.42717)
Stop command: 2023-06-14 20:57:03 (1686787023.99674)
Elapsed time for command: 00:04:00 (240.569568872452)
Workload elapsed time (copy 0 workload 1) = 240.410404 seconds
Copy 0 of 505.mcf_r (base refrate) run 2 finished at 2023-06-14 20:57:03.  Total elapsed time: 240.410404
OpenMP environment variables removed: None
OpenMP environment variables in effect:
	OMP_NUM_THREADS	=> '1'
	OMP_THREAD_LIMIT	=> '1'
Pre-run environment changes:
	'OMP_NUM_THREADS' added: (value now '1')
	'OMP_THREAD_LIMIT' added: (value now '1')
comparing 'inp.out' with 
comparing 'mcf.out' with 
Specinvoke: /media/fabricio/679cbc52-a115-43bd-b089-5d44b8abcd6f/spec-cpu-2017/bin/specinvoke -d /media/fabricio/679cbc52-a115-43bd-b089-5d44b8abcd6f/spec-cpu-2017/benchspec/CPU/505.mcf_r/run/run_base_refrate_mytest-m64.0000 -f compare.cmd -E -e compare.err -o compare.stdout
Issuing command '/media/fabricio/679cbc52-a115-43bd-b089-5d44b8abcd6f/spec-cpu-2017/bin/specinvoke -d /media/fabricio/679cbc52-a115-43bd-b089-5d44b8abcd6f/spec-cpu-2017/benchspec/CPU/505.mcf_r/run/run_base_refrate_mytest-m64.0000 -f compare.cmd -E -e compare.err -o compare.stdout'
Start command: 2023-06-14 20:57:04 (1686787024.02488)
Stop command: 2023-06-14 20:57:04 (1686787024.3455)
Elapsed time for command: 00:00:00 (0.32061505317688)
Benchmark Times:
  Run Start:    2023-06-14 20:53:03 (1686786783)
  Rate Start:   2023-06-14 20:53:03 (1686786783.43167)
  Rate End:     2023-06-14 20:57:03 (1686787023.84208)
  Run Stop:     2023-06-14 20:57:03 (1686787023)
  Run Elapsed:  00:04:00 (240)
  Run Reported: 00:04:00 (240 410403966 240.410404)
 Success 505.mcf_r base refrate ratio=6.72, runtime=240.410404, copies=1, threads=1, power=0.00W, temp=0.00 degC, humidity=0.00%
Success: 2x505.mcf_r
Producing Raw Reports
 label: mytest-m64
  workload: refrate (ref)
   benchset: intspeed
   benchset: intrate
   metric: SPECrate2017_int_base
    format: raw -> /media/fabricio/679cbc52-a115-43bd-b089-5d44b8abcd6f/spec-cpu-2017/result/CPU2017.026.intrate.refrate.rsf
Parsing flags for 505.mcf_r base: done
Doing flag reduction: done
    format: flags -> /media/fabricio/679cbc52-a115-43bd-b089-5d44b8abcd6f/spec-cpu-2017/result/CPU2017.026.intrate.refrate.flags.html
    format: cfg -> /media/fabricio/679cbc52-a115-43bd-b089-5d44b8abcd6f/spec-cpu-2017/result/CPU2017.026.intrate.refrate.cfg
    format: CSV -> /media/fabricio/679cbc52-a115-43bd-b089-5d44b8abcd6f/spec-cpu-2017/result/CPU2017.026.intrate.refrate.csv
    format: PDF -> /media/fabricio/679cbc52-a115-43bd-b089-5d44b8abcd6f/spec-cpu-2017/result/CPU2017.026.intrate.refrate.pdf
    format: HTML -> /media/fabricio/679cbc52-a115-43bd-b089-5d44b8abcd6f/spec-cpu-2017/result/CPU2017.026.intrate.refrate.html
    format: Text -> /media/fabricio/679cbc52-a115-43bd-b089-5d44b8abcd6f/spec-cpu-2017/result/CPU2017.026.intrate.refrate.txt
   benchset: fpspeed
   benchset: fprate
runcpu finished at 2023-06-14 20:57:06; 578 total seconds elapsed
Info: file_tail(4531): file '/media/fabricio/679cbc52-a115-43bd-b089-5d44b8abcd6f/spec-cpu-2017/tmp/CPU2017.026/templogs/preenv.intrate.026.0.debug' was removed and will no longer be followed.  No action is required.
The log for this run is in /media/fabricio/679cbc52-a115-43bd-b089-5d44b8abcd6f/spec-cpu-2017/result/CPU2017.026.log

runcpu finished at 2023-06-14 20:57:06; 579 total seconds elapsed
